-------------------------------------------------------------------------------
Test set: org.redis.SpringDataRedisTest
-------------------------------------------------------------------------------
Tests run: 7, Failures: 0, Errors: 6, Skipped: 0, Time elapsed: 0.059 s <<< FAILURE! -- in org.redis.SpringDataRedisTest
org.redis.SpringDataRedisTest.testSet -- Time elapsed: 0.030 s <<< ERROR!
java.lang.NullPointerException: Cannot invoke "org.springframework.data.redis.core.RedisTemplate.opsForSet()" because "this.redisTemplate" is null
	at org.redis.SpringDataRedisTest.testSet(SpringDataRedisTest.java:104)
	at java.base/java.lang.reflect.Method.invoke(Method.java:580)
	at java.base/java.util.ArrayList.forEach(ArrayList.java:1596)
	at java.base/java.util.ArrayList.forEach(ArrayList.java:1596)

org.redis.SpringDataRedisTest.testHash -- Time elapsed: 0.002 s <<< ERROR!
java.lang.NullPointerException: Cannot invoke "org.springframework.data.redis.core.RedisTemplate.opsForHash()" because "this.redisTemplate" is null
	at org.redis.SpringDataRedisTest.testHash(SpringDataRedisTest.java:57)
	at java.base/java.lang.reflect.Method.invoke(Method.java:580)
	at java.base/java.util.ArrayList.forEach(ArrayList.java:1596)
	at java.base/java.util.ArrayList.forEach(ArrayList.java:1596)

org.redis.SpringDataRedisTest.testList -- Time elapsed: 0.001 s <<< ERROR!
java.lang.NullPointerException: Cannot invoke "org.springframework.data.redis.core.RedisTemplate.opsForList()" because "this.redisTemplate" is null
	at org.redis.SpringDataRedisTest.testList(SpringDataRedisTest.java:82)
	at java.base/java.lang.reflect.Method.invoke(Method.java:580)
	at java.base/java.util.ArrayList.forEach(ArrayList.java:1596)
	at java.base/java.util.ArrayList.forEach(ArrayList.java:1596)

org.redis.SpringDataRedisTest.testZSet -- Time elapsed: 0.001 s <<< ERROR!
java.lang.NullPointerException: Cannot invoke "org.springframework.data.redis.core.RedisTemplate.opsForZSet()" because "this.redisTemplate" is null
	at org.redis.SpringDataRedisTest.testZSet(SpringDataRedisTest.java:134)
	at java.base/java.lang.reflect.Method.invoke(Method.java:580)
	at java.base/java.util.ArrayList.forEach(ArrayList.java:1596)
	at java.base/java.util.ArrayList.forEach(ArrayList.java:1596)

org.redis.SpringDataRedisTest.testCommon -- Time elapsed: 0.001 s <<< ERROR!
java.lang.NullPointerException: Cannot invoke "org.springframework.data.redis.core.RedisTemplate.keys(Object)" because "this.redisTemplate" is null
	at org.redis.SpringDataRedisTest.testCommon(SpringDataRedisTest.java:157)
	at java.base/java.lang.reflect.Method.invoke(Method.java:580)
	at java.base/java.util.ArrayList.forEach(ArrayList.java:1596)
	at java.base/java.util.ArrayList.forEach(ArrayList.java:1596)

org.redis.SpringDataRedisTest.testString -- Time elapsed: 0.001 s <<< ERROR!
java.lang.NullPointerException: Cannot invoke "org.springframework.data.redis.core.RedisTemplate.opsForValue()" because "this.redisTemplate" is null
	at org.redis.SpringDataRedisTest.testString(SpringDataRedisTest.java:39)
	at java.base/java.lang.reflect.Method.invoke(Method.java:580)
	at java.base/java.util.ArrayList.forEach(ArrayList.java:1596)
	at java.base/java.util.ArrayList.forEach(ArrayList.java:1596)

